app/build/outputs/logs/manifest-merger-debug-report.txt
-- Merging decision tree log ---
manifest
ADDED from src\main\AndroidManifest.xml:2:1-46:12
INJECTED from src\main\AndroidManifest.xml:2:1-46:12
INJECTED from src\main\AndroidManifest.xml:2:1-46:12
INJECTED from src\main\AndroidManifest.xml:2:1-46:12
MERGED from [com.android.volley:volley:1.0.0] AndroidManifest.xml:2:1-11:12
MERGED from [com.google.android.gms:play-services:8.3.0] AndroidManifest.xml:16:1-20:12
MERGED from [com.android.support:design:28.0.0] AndroidManifest.xml:17:1-24:12
MERGED from [com.google.android.gms:play-services-cast:8.3.0] AndroidManifest.xml:16:1-20:12
MERGED from [com.android.support:mediarouter-v7:28.0.0] AndroidManifest.xml:17:1-22:12
MERGED from [com.android.support:appcompat-v7:28.0.0] AndroidManifest.xml:17:1-22:12
MERGED from [com.android.support.constraint:constraint-layout:1.1.3] AndroidManifest.xml:2:1-11:12
MERGED from [com.google.android.gms:play-services-ads:8.3.0] AndroidManifest.xml:16:1-33:12
MERGED from [com.google.android.gms:play-services-analytics:8.3.0] AndroidManifest.xml:16:1-25:12
MERGED from [com.google.android.gms:play-services-appindexing:8.3.0] AndroidManifest.xml:16:1-20:12
MERGED from [com.google.android.gms:play-services-appinvite:8.3.0] AndroidManifest.xml:16:1-21:12
MERGED from [com.google.android.gms:play-services-appstate:8.3.0] AndroidManifest.xml:16:1-20:12
MERGED from [com.google.android.gms:play-services-auth:8.3.0] AndroidManifest.xml:16:1-26:12
MERGED from [com.google.android.gms:play-services-games:8.3.0] AndroidManifest.xml:16:1-20:12
MERGED from [com.google.android.gms:play-services-drive:8.3.0] AndroidManifest.xml:16:1-20:12
MERGED from [com.google.android.gms:play-services-fitness:8.3.0] AndroidManifest.xml:16:1-20:12
MERGED from [com.google.android.gms:play-services-gcm:8.3.0] AndroidManifest.xml:16:1-25:12
MERGED from [com.google.android.gms:play-services-wallet:8.3.0] AndroidManifest.xml:16:1-24:12
MERGED from [com.google.android.gms:play-services-identity:8.3.0] AndroidManifest.xml:16:1-20:12
MERGED from [com.google.android.gms:play-services-location:8.3.0] AndroidManifest.xml:16:1-20:12
MERGED from [com.google.android.gms:play-services-maps:8.3.0] AndroidManifest.xml:16:1-28:12
MERGED from [com.google.android.gms:play-services-nearby:8.3.0] AndroidManifest.xml:16:1-21:12
MERGED from [com.google.android.gms:play-services-panorama:8.3.0] AndroidManifest.xml:16:1-20:12
MERGED from [com.google.android.gms:play-services-plus:8.3.0] AndroidManifest.xml:16:1-20:12
MERGED from [com.google.android.gms:play-services-safetynet:8.3.0] AndroidManifest.xml:16:1-20:12
MERGED from [com.google.android.gms:play-services-vision:8.3.0] AndroidManifest.xml:2:1-6:12
MERGED from [com.google.android.gms:play-services-wearable:8.3.0] AndroidManifest.xml:16:1-20:12
MERGED from [com.google.android.gms:play-services-base:8.3.0] AndroidManifest.xml:16:1-19:12
MERGED from [com.google.android.gms:play-services-measurement:8.3.0] AndroidManifest.xml:16:1-47:12
MERGED from [com.google.android.gms:play-services-basement:8.3.0] AndroidManifest.xml:16:1-26:12
MERGED from [com.android.support:support-v4:28.0.0] AndroidManifest.xml:17:1-22:12
MERGED from [com.android.support:support-fragment:28.0.0] AndroidManifest.xml:17:1-22:12
MERGED from [com.android.support:animated-vector-drawable:28.0.0] AndroidManifest.xml:17:1-22:12
MERGED from [com.android.support:recyclerview-v7:28.0.0] AndroidManifest.xml:17:1-22:12
MERGED from [com.android.support:support-core-ui:28.0.0] AndroidManifest.xml:17:1-22:12
MERGED from [com.android.support:palette-v7:28.0.0] AndroidManifest.xml:17:1-22:12
MERGED from [com.android.support:support-core-utils:28.0.0] AndroidManifest.xml:17:1-22:12
MERGED from [com.android.support:support-vector-drawable:28.0.0] AndroidManifest.xml:17:1-22:12
MERGED from [com.android.support:transition:28.0.0] AndroidManifest.xml:17:1-22:12
MERGED from [com.android.support:loader:28.0.0] AndroidManifest.xml:17:1-22:12
MERGED from [com.android.support:viewpager:28.0.0] AndroidManifest.xml:17:1-22:12
MERGED from [com.android.support:coordinatorlayout:28.0.0] AndroidManifest.xml:17:1-22:12
MERGED from [com.android.support:drawerlayout:28.0.0] AndroidManifest.xml:17:1-22:12
MERGED from [com.android.support:slidingpanelayout:28.0.0] AndroidManifest.xml:17:1-22:12
MERGED from [com.android.support:customview:28.0.0] AndroidManifest.xml:17:1-22:12
MERGED from [com.android.support:swiperefreshlayout:28.0.0] AndroidManifest.xml:17:1-22:12
MERGED from [com.android.support:asynclayoutinflater:28.0.0] AndroidManifest.xml:17:1-22:12
MERGED from [com.android.support:support-media-compat:28.0.0] AndroidManifest.xml:17:1-22:12
MERGED from [com.android.support:support-compat:28.0.0] AndroidManifest.xml:17:1-24:12
MERGED from [com.android.support:versionedparcelable:28.0.0] AndroidManifest.xml:17:1-25:12
MERGED from [com.android.support:cursoradapter:28.0.0] AndroidManifest.xml:17:1-22:12
MERGED from [com.android.support:cardview-v7:28.0.0] AndroidManifest.xml:17:1-22:12
MERGED from [android.arch.lifecycle:runtime:1.1.1] AndroidManifest.xml:17:1-22:12
MERGED from [com.android.support:documentfile:28.0.0] AndroidManifest.xml:17:1-22:12
MERGED from [com.android.support:localbroadcastmanager:28.0.0] AndroidManifest.xml:17:1-22:12
MERGED from [com.android.support:print:28.0.0] AndroidManifest.xml:17:1-22:12
MERGED from [android.arch.lifecycle:viewmodel:1.1.1] AndroidManifest.xml:17:1-22:12
MERGED from [com.android.support:interpolator:28.0.0] AndroidManifest.xml:17:1-22:12
MERGED from [android.arch.lifecycle:livedata:1.1.1] AndroidManifest.xml:17:1-22:12
MERGED from [android.arch.lifecycle:livedata-core:1.1.1] AndroidManifest.xml:17:1-22:12
MERGED from [android.arch.core:runtime:1.1.1] AndroidManifest.xml:17:1-22:12
INJECTED from src\main\AndroidManifest.xml:2:1-46:12
INJECTED from src\main\AndroidManifest.xml:2:1-46:12
INJECTED from src\main\AndroidManifest.xml:2:1-46:12
	package
		ADDED from src\main\AndroidManifest.xml:3:5-42
		INJECTED from src\main\AndroidManifest.xml
		INJECTED from src\main\AndroidManifest.xml
	android:versionName
		INJECTED from src\main\AndroidManifest.xml
		ADDED from src\main\AndroidManifest.xml:2:1-46:12
		INJECTED from src\main\AndroidManifest.xml
	android:versionCode
		INJECTED from src\main\AndroidManifest.xml
		ADDED from src\main\AndroidManifest.xml:2:1-46:12
		INJECTED from src\main\AndroidManifest.xml
	xmlns:android
		ADDED from src\main\AndroidManifest.xml:2:11-69
uses-permission#android.permission.ACCESS_FINE_LOCATION
ADDED from src\main\AndroidManifest.xml:5:5-79
	android:name
		ADDED from src\main\AndroidManifest.xml:5:22-76
uses-permission#android.permission.INTERNET
ADDED from src\main\AndroidManifest.xml:6:5-67
MERGED from [com.google.android.gms:play-services-ads:8.3.0] AndroidManifest.xml:20:5-66
MERGED from [com.google.android.gms:play-services-ads:8.3.0] AndroidManifest.xml:20:5-66
MERGED from [com.google.android.gms:play-services-analytics:8.3.0] AndroidManifest.xml:21:5-67
MERGED from [com.google.android.gms:play-services-analytics:8.3.0] AndroidManifest.xml:21:5-67
MERGED from [com.google.android.gms:play-services-appinvite:8.3.0] AndroidManifest.xml:19:5-67
MERGED from [com.google.android.gms:play-services-appinvite:8.3.0] AndroidManifest.xml:19:5-67
MERGED from [com.google.android.gms:play-services-gcm:8.3.0] AndroidManifest.xml:22:5-67
MERGED from [com.google.android.gms:play-services-gcm:8.3.0] AndroidManifest.xml:22:5-67
MERGED from [com.google.android.gms:play-services-wallet:8.3.0] AndroidManifest.xml:20:5-66
MERGED from [com.google.android.gms:play-services-wallet:8.3.0] AndroidManifest.xml:20:5-66
MERGED from [com.google.android.gms:play-services-maps:8.3.0] AndroidManifest.xml:21:5-66
MERGED from [com.google.android.gms:play-services-maps:8.3.0] AndroidManifest.xml:21:5-66
MERGED from [com.google.android.gms:play-services-measurement:8.3.0] AndroidManifest.xml:21:5-67
MERGED from [com.google.android.gms:play-services-measurement:8.3.0] AndroidManifest.xml:21:5-67
	android:name
		ADDED from src\main\AndroidManifest.xml:6:22-64
uses-permission#android.permission.ACCESS_COARSE_LOCATION
ADDED from src\main\AndroidManifest.xml:7:5-81
	android:name
		ADDED from src\main\AndroidManifest.xml:7:22-78
uses-permission#android.permission.WRITE_EXTERNAL_STORAGE
ADDED from src\main\AndroidManifest.xml:8:5-81
	android:name
		ADDED from src\main\AndroidManifest.xml:8:22-78
application
ADDED from src\main\AndroidManifest.xml:12:5-44:19
MERGED from [com.android.volley:volley:1.0.0] AndroidManifest.xml:9:5-20
MERGED from [com.android.volley:volley:1.0.0] AndroidManifest.xml:9:5-20
MERGED from [com.google.android.gms:play-services:8.3.0] AndroidManifest.xml:19:5-20
MERGED from [com.google.android.gms:play-services:8.3.0] AndroidManifest.xml:19:5-20
MERGED from [com.android.support:design:28.0.0] AndroidManifest.xml:22:5-20
MERGED from [com.android.support:design:28.0.0] AndroidManifest.xml:22:5-20
MERGED from [com.google.android.gms:play-services-cast:8.3.0] AndroidManifest.xml:19:5-20
MERGED from [com.google.android.gms:play-services-cast:8.3.0] AndroidManifest.xml:19:5-20
MERGED from [com.android.support.constraint:constraint-layout:1.1.3] AndroidManifest.xml:9:5-20
MERGED from [com.android.support.constraint:constraint-layout:1.1.3] AndroidManifest.xml:9:5-20
MERGED from [com.google.android.gms:play-services-ads:8.3.0] AndroidManifest.xml:24:5-32:19
MERGED from [com.google.android.gms:play-services-ads:8.3.0] AndroidManifest.xml:24:5-32:19
MERGED from [com.google.android.gms:play-services-analytics:8.3.0] AndroidManifest.xml:24:5-20
MERGED from [com.google.android.gms:play-services-analytics:8.3.0] AndroidManifest.xml:24:5-20
MERGED from [com.google.android.gms:play-services-appindexing:8.3.0] AndroidManifest.xml:19:5-20
MERGED from [com.google.android.gms:play-services-appindexing:8.3.0] AndroidManifest.xml:19:5-20
MERGED from [com.google.android.gms:play-services-appinvite:8.3.0] AndroidManifest.xml:20:5-20
MERGED from [com.google.android.gms:play-services-appinvite:8.3.0] AndroidManifest.xml:20:5-20
MERGED from [com.google.android.gms:play-services-appstate:8.3.0] AndroidManifest.xml:19:5-20
MERGED from [com.google.android.gms:play-services-appstate:8.3.0] AndroidManifest.xml:19:5-20
MERGED from [com.google.android.gms:play-services-auth:8.3.0] AndroidManifest.xml:20:5-25:19
MERGED from [com.google.android.gms:play-services-auth:8.3.0] AndroidManifest.xml:20:5-25:19
MERGED from [com.google.android.gms:play-services-games:8.3.0] AndroidManifest.xml:19:5-20
MERGED from [com.google.android.gms:play-services-games:8.3.0] AndroidManifest.xml:19:5-20
MERGED from [com.google.android.gms:play-services-drive:8.3.0] AndroidManifest.xml:19:5-20
MERGED from [com.google.android.gms:play-services-drive:8.3.0] AndroidManifest.xml:19:5-20
MERGED from [com.google.android.gms:play-services-fitness:8.3.0] AndroidManifest.xml:19:5-20
MERGED from [com.google.android.gms:play-services-fitness:8.3.0] AndroidManifest.xml:19:5-20
MERGED from [com.google.android.gms:play-services-gcm:8.3.0] AndroidManifest.xml:24:5-20
MERGED from [com.google.android.gms:play-services-gcm:8.3.0] AndroidManifest.xml:24:5-20
MERGED from [com.google.android.gms:play-services-identity:8.3.0] AndroidManifest.xml:19:5-20
MERGED from [com.google.android.gms:play-services-identity:8.3.0] AndroidManifest.xml:19:5-20
MERGED from [com.google.android.gms:play-services-location:8.3.0] AndroidManifest.xml:19:5-20
MERGED from [com.google.android.gms:play-services-location:8.3.0] AndroidManifest.xml:19:5-20
MERGED from [com.google.android.gms:play-services-maps:8.3.0] AndroidManifest.xml:27:5-20
MERGED from [com.google.android.gms:play-services-maps:8.3.0] AndroidManifest.xml:27:5-20
MERGED from [com.google.android.gms:play-services-nearby:8.3.0] AndroidManifest.xml:20:5-20
MERGED from [com.google.android.gms:play-services-nearby:8.3.0] AndroidManifest.xml:20:5-20
MERGED from [com.google.android.gms:play-services-panorama:8.3.0] AndroidManifest.xml:19:5-20
MERGED from [com.google.android.gms:play-services-panorama:8.3.0] AndroidManifest.xml:19:5-20
MERGED from [com.google.android.gms:play-services-plus:8.3.0] AndroidManifest.xml:19:5-20
MERGED from [com.google.android.gms:play-services-plus:8.3.0] AndroidManifest.xml:19:5-20
MERGED from [com.google.android.gms:play-services-safetynet:8.3.0] AndroidManifest.xml:19:5-20
MERGED from [com.google.android.gms:play-services-safetynet:8.3.0] AndroidManifest.xml:19:5-20
MERGED from [com.google.android.gms:play-services-vision:8.3.0] AndroidManifest.xml:5:5-20
MERGED from [com.google.android.gms:play-services-vision:8.3.0] AndroidManifest.xml:5:5-20
MERGED from [com.google.android.gms:play-services-wearable:8.3.0] AndroidManifest.xml:19:5-20
MERGED from [com.google.android.gms:play-services-wearable:8.3.0] AndroidManifest.xml:19:5-20
MERGED from [com.google.android.gms:play-services-measurement:8.3.0] AndroidManifest.xml:26:5-46:19
MERGED from [com.google.android.gms:play-services-measurement:8.3.0] AndroidManifest.xml:26:5-46:19
MERGED from [com.google.android.gms:play-services-basement:8.3.0] AndroidManifest.xml:20:5-24:19
MERGED from [com.google.android.gms:play-services-basement:8.3.0] AndroidManifest.xml:20:5-24:19
MERGED from [com.android.support:support-compat:28.0.0] AndroidManifest.xml:22:5-94
MERGED from [com.android.support:support-compat:28.0.0] AndroidManifest.xml:22:5-94
MERGED from [com.android.support:versionedparcelable:28.0.0] AndroidManifest.xml:22:5-23:19
MERGED from [com.android.support:versionedparcelable:28.0.0] AndroidManifest.xml:22:5-23:19
	android:appComponentFactory
		ADDED from [com.android.support:support-compat:28.0.0] AndroidManifest.xml:22:18-91
	android:supportsRtl
		ADDED from src\main\AndroidManifest.xml:17:9-35
	android:label
		ADDED from src\main\AndroidManifest.xml:15:9-41
	android:roundIcon
		ADDED from src\main\AndroidManifest.xml:16:9-54
	android:icon
		ADDED from src\main\AndroidManifest.xml:14:9-43
	android:allowBackup
		ADDED from src\main\AndroidManifest.xml:13:9-35
	android:theme
		ADDED from src\main\AndroidManifest.xml:18:9-40
meta-data#com.google.android.geo.API_KEY
ADDED from src\main\AndroidManifest.xml:19:9-21:71
	android:value
		ADDED from src\main\AndroidManifest.xml:21:13-68
	android:name
		ADDED from src\main\AndroidManifest.xml:20:13-58
activity#com.example.johnhani.miuapp.MainActivity
ADDED from src\main\AndroidManifest.xml:23:9-29:20
	android:name
		ADDED from src\main\AndroidManifest.xml:23:19-47
intent-filter#action:name:android.intent.action.MAIN+category:name:android.intent.category.LAUNCHER
ADDED from src\main\AndroidManifest.xml:24:13-28:29
action#android.intent.action.MAIN
ADDED from src\main\AndroidManifest.xml:25:17-69
	android:name
		ADDED from src\main\AndroidManifest.xml:25:25-66
category#android.intent.category.LAUNCHER
ADDED from src\main\AndroidManifest.xml:27:17-77
	android:name
		ADDED from src\main\AndroidManifest.xml:27:27-74
activity#com.example.johnhani.miuapp.ContactInfoActivity
ADDED from src\main\AndroidManifest.xml:30:9-57
	android:name
		ADDED from src\main\AndroidManifest.xml:30:19-54
activity#com.example.johnhani.miuapp.AdminInfoActivity
ADDED from src\main\AndroidManifest.xml:31:9-55
	android:name
		ADDED from src\main\AndroidManifest.xml:31:19-52
activity#com.example.johnhani.miuapp.GuardianInfoActivity
ADDED from src\main\AndroidManifest.xml:32:9-58
	android:name
		ADDED from src\main\AndroidManifest.xml:32:19-55
activity#com.example.johnhani.miuapp.StudentInfoActivity
ADDED from src\main\AndroidManifest.xml:33:9-57
	android:name
		ADDED from src\main\AndroidManifest.xml:33:19-54
activity#com.example.johnhani.miuapp.MedicalInfoActivity
ADDED from src\main\AndroidManifest.xml:34:9-57
	android:name
		ADDED from src\main\AndroidManifest.xml:34:19-54
activity#com.example.johnhani.miuapp.OtherInfoActivity
ADDED from src\main\AndroidManifest.xml:35:9-55
	android:name
		ADDED from src\main\AndroidManifest.xml:35:19-52
activity#com.example.johnhani.miuapp.ViewApplicationsActivity
ADDED from src\main\AndroidManifest.xml:36:9-62
	android:name
		ADDED from src\main\AndroidManifest.xml:36:19-59
activity#com.example.johnhani.miuapp.DeleteApplicationsActivity
ADDED from src\main\AndroidManifest.xml:37:9-64
	android:name
		ADDED from src\main\AndroidManifest.xml:37:19-61
activity#com.example.johnhani.miuapp.AdminActivity
ADDED from src\main\AndroidManifest.xml:38:9-51
	android:name
		ADDED from src\main\AndroidManifest.xml:38:19-48
activity#com.example.johnhani.miuapp.StudentActivity
ADDED from src\main\AndroidManifest.xml:39:9-53
	android:name
		ADDED from src\main\AndroidManifest.xml:39:19-50
activity#com.example.johnhani.miuapp.weather
ADDED from src\main\AndroidManifest.xml:40:9-45
	android:name
		ADDED from src\main\AndroidManifest.xml:40:19-42
activity#com.example.johnhani.miuapp.LoginActivity
ADDED from src\main\AndroidManifest.xml:41:9-51
	android:name
		ADDED from src\main\AndroidManifest.xml:41:19-48
activity#com.example.johnhani.miuapp.MapsActivity
ADDED from src\main\AndroidManifest.xml:42:9-50
	android:name
		ADDED from src\main\AndroidManifest.xml:42:19-47
activity#com.example.johnhani.miuapp.ContactUsActivity
ADDED from src\main\AndroidManifest.xml:43:9-55
	android:name
		ADDED from src\main\AndroidManifest.xml:43:19-52
uses-sdk
INJECTED from src\main\AndroidManifest.xml reason: use-sdk injection requested
INJECTED from src\main\AndroidManifest.xml
INJECTED from src\main\AndroidManifest.xml
MERGED from [com.android.volley:volley:1.0.0] AndroidManifest.xml:7:5-43
MERGED from [com.android.volley:volley:1.0.0] AndroidManifest.xml:7:5-43
MERGED from [com.google.android.gms:play-services:8.3.0] AndroidManifest.xml:18:5-42
MERGED from [com.google.android.gms:play-services:8.3.0] AndroidManifest.xml:18:5-42
MERGED from [com.android.support:design:28.0.0] AndroidManifest.xml:20:5-44
MERGED from [com.android.support:design:28.0.0] AndroidManifest.xml:20:5-44
MERGED from [com.google.android.gms:play-services-cast:8.3.0] AndroidManifest.xml:18:5-42
MERGED from [com.google.android.gms:play-services-cast:8.3.0] AndroidManifest.xml:18:5-42
MERGED from [com.android.support:mediarouter-v7:28.0.0] AndroidManifest.xml:20:5-44
MERGED from [com.android.support:mediarouter-v7:28.0.0] AndroidManifest.xml:20:5-44
MERGED from [com.android.support:appcompat-v7:28.0.0] AndroidManifest.xml:20:5-44
MERGED from [com.android.support:appcompat-v7:28.0.0] AndroidManifest.xml:20:5-44
MERGED from [com.android.support.constraint:constraint-layout:1.1.3] AndroidManifest.xml:5:5-7:41
MERGED from [com.android.support.constraint:constraint-layout:1.1.3] AndroidManifest.xml:5:5-7:41
MERGED from [com.google.android.gms:play-services-ads:8.3.0] AndroidManifest.xml:23:5-42
MERGED from [com.google.android.gms:play-services-ads:8.3.0] AndroidManifest.xml:23:5-42
MERGED from [com.google.android.gms:play-services-analytics:8.3.0] AndroidManifest.xml:18:5-42
MERGED from [com.google.android.gms:play-services-analytics:8.3.0] AndroidManifest.xml:18:5-42
MERGED from [com.google.android.gms:play-services-appindexing:8.3.0] AndroidManifest.xml:18:5-42
MERGED from [com.google.android.gms:play-services-appindexing:8.3.0] AndroidManifest.xml:18:5-42
MERGED from [com.google.android.gms:play-services-appinvite:8.3.0] AndroidManifest.xml:18:5-42
MERGED from [com.google.android.gms:play-services-appinvite:8.3.0] AndroidManifest.xml:18:5-42
MERGED from [com.google.android.gms:play-services-appstate:8.3.0] AndroidManifest.xml:18:5-42
MERGED from [com.google.android.gms:play-services-appstate:8.3.0] AndroidManifest.xml:18:5-42
MERGED from [com.google.android.gms:play-services-auth:8.3.0] AndroidManifest.xml:18:5-43
MERGED from [com.google.android.gms:play-services-auth:8.3.0] AndroidManifest.xml:18:5-43
MERGED from [com.google.android.gms:play-services-games:8.3.0] AndroidManifest.xml:18:5-42
MERGED from [com.google.android.gms:play-services-games:8.3.0] AndroidManifest.xml:18:5-42
MERGED from [com.google.android.gms:play-services-drive:8.3.0] AndroidManifest.xml:18:5-42
MERGED from [com.google.android.gms:play-services-drive:8.3.0] AndroidManifest.xml:18:5-42
MERGED from [com.google.android.gms:play-services-fitness:8.3.0] AndroidManifest.xml:18:5-42
MERGED from [com.google.android.gms:play-services-fitness:8.3.0] AndroidManifest.xml:18:5-42
MERGED from [com.google.android.gms:play-services-gcm:8.3.0] AndroidManifest.xml:18:5-42
MERGED from [com.google.android.gms:play-services-gcm:8.3.0] AndroidManifest.xml:18:5-42
MERGED from [com.google.android.gms:play-services-wallet:8.3.0] AndroidManifest.xml:19:5-42
MERGED from [com.google.android.gms:play-services-wallet:8.3.0] AndroidManifest.xml:19:5-42
MERGED from [com.google.android.gms:play-services-identity:8.3.0] AndroidManifest.xml:18:5-42
MERGED from [com.google.android.gms:play-services-identity:8.3.0] AndroidManifest.xml:18:5-42
MERGED from [com.google.android.gms:play-services-location:8.3.0] AndroidManifest.xml:18:5-42
MERGED from [com.google.android.gms:play-services-location:8.3.0] AndroidManifest.xml:18:5-42
MERGED from [com.google.android.gms:play-services-maps:8.3.0] AndroidManifest.xml:26:5-42
MERGED from [com.google.android.gms:play-services-maps:8.3.0] AndroidManifest.xml:26:5-42
MERGED from [com.google.android.gms:play-services-nearby:8.3.0] AndroidManifest.xml:18:5-42
MERGED from [com.google.android.gms:play-services-nearby:8.3.0] AndroidManifest.xml:18:5-42
MERGED from [com.google.android.gms:play-services-panorama:8.3.0] AndroidManifest.xml:18:5-42
MERGED from [com.google.android.gms:play-services-panorama:8.3.0] AndroidManifest.xml:18:5-42
MERGED from [com.google.android.gms:play-services-plus:8.3.0] AndroidManifest.xml:18:5-42
MERGED from [com.google.android.gms:play-services-plus:8.3.0] AndroidManifest.xml:18:5-42
MERGED from [com.google.android.gms:play-services-safetynet:8.3.0] AndroidManifest.xml:18:5-42
MERGED from [com.google.android.gms:play-services-safetynet:8.3.0] AndroidManifest.xml:18:5-42
MERGED from [com.google.android.gms:play-services-vision:8.3.0] AndroidManifest.xml:4:5-42
MERGED from [com.google.android.gms:play-services-vision:8.3.0] AndroidManifest.xml:4:5-42
MERGED from [com.google.android.gms:play-services-wearable:8.3.0] AndroidManifest.xml:18:5-42
MERGED from [com.google.android.gms:play-services-wearable:8.3.0] AndroidManifest.xml:18:5-42
MERGED from [com.google.android.gms:play-services-base:8.3.0] AndroidManifest.xml:18:5-42
MERGED from [com.google.android.gms:play-services-base:8.3.0] AndroidManifest.xml:18:5-42
MERGED from [com.google.android.gms:play-services-measurement:8.3.0] AndroidManifest.xml:18:5-42
MERGED from [com.google.android.gms:play-services-measurement:8.3.0] AndroidManifest.xml:18:5-42
MERGED from [com.google.android.gms:play-services-basement:8.3.0] AndroidManifest.xml:18:5-42
MERGED from [com.google.android.gms:play-services-basement:8.3.0] AndroidManifest.xml:18:5-42
MERGED from [com.android.support:support-v4:28.0.0] AndroidManifest.xml:20:5-44
MERGED from [com.android.support:support-v4:28.0.0] AndroidManifest.xml:20:5-44
MERGED from [com.android.support:support-fragment:28.0.0] AndroidManifest.xml:20:5-44
MERGED from [com.android.support:support-fragment:28.0.0] AndroidManifest.xml:20:5-44
MERGED from [com.android.support:animated-vector-drawable:28.0.0] AndroidManifest.xml:20:5-44
MERGED from [com.android.support:animated-vector-drawable:28.0.0] AndroidManifest.xml:20:5-44
MERGED from [com.android.support:recyclerview-v7:28.0.0] AndroidManifest.xml:20:5-44
MERGED from [com.android.support:recyclerview-v7:28.0.0] AndroidManifest.xml:20:5-44
MERGED from [com.android.support:support-core-ui:28.0.0] AndroidManifest.xml:20:5-44
MERGED from [com.android.support:support-core-ui:28.0.0] AndroidManifest.xml:20:5-44
MERGED from [com.android.support:palette-v7:28.0.0] AndroidManifest.xml:20:5-44
MERGED from [com.android.support:palette-v7:28.0.0] AndroidManifest.xml:20:5-44
MERGED from [com.android.support:support-core-utils:28.0.0] AndroidManifest.xml:20:5-44
MERGED from [com.android.support:support-core-utils:28.0.0] AndroidManifest.xml:20:5-44
MERGED from [com.android.support:support-vector-drawable:28.0.0] AndroidManifest.xml:20:5-44
MERGED from [com.android.support:support-vector-drawable:28.0.0] AndroidManifest.xml:20:5-44
MERGED from [com.android.support:transition:28.0.0] AndroidManifest.xml:20:5-44
MERGED from [com.android.support:transition:28.0.0] AndroidManifest.xml:20:5-44
MERGED from [com.android.support:loader:28.0.0] AndroidManifest.xml:20:5-44
MERGED from [com.android.support:loader:28.0.0] AndroidManifest.xml:20:5-44
MERGED from [com.android.support:viewpager:28.0.0] AndroidManifest.xml:20:5-44
MERGED from [com.android.support:viewpager:28.0.0] AndroidManifest.xml:20:5-44
MERGED from [com.android.support:coordinatorlayout:28.0.0] AndroidManifest.xml:20:5-44
MERGED from [com.android.support:coordinatorlayout:28.0.0] AndroidManifest.xml:20:5-44
MERGED from [com.android.support:drawerlayout:28.0.0] AndroidManifest.xml:20:5-44
MERGED from [com.android.support:drawerlayout:28.0.0] AndroidManifest.xml:20:5-44
MERGED from [com.android.support:slidingpanelayout:28.0.0] AndroidManifest.xml:20:5-44
MERGED from [com.android.support:slidingpanelayout:28.0.0] AndroidManifest.xml:20:5-44
MERGED from [com.android.support:customview:28.0.0] AndroidManifest.xml:20:5-44
MERGED from [com.android.support:customview:28.0.0] AndroidManifest.xml:20:5-44
MERGED from [com.android.support:swiperefreshlayout:28.0.0] AndroidManifest.xml:20:5-44
MERGED from [com.android.support:swiperefreshlayout:28.0.0] AndroidManifest.xml:20:5-44
MERGED from [com.android.support:asynclayoutinflater:28.0.0] AndroidManifest.xml:20:5-44
MERGED from [com.android.support:asynclayoutinflater:28.0.0] AndroidManifest.xml:20:5-44
MERGED from [com.android.support:support-media-compat:28.0.0] AndroidManifest.xml:20:5-44
MERGED from [com.android.support:support-media-compat:28.0.0] AndroidManifest.xml:20:5-44
MERGED from [com.android.support:support-compat:28.0.0] AndroidManifest.xml:20:5-44
MERGED from [com.android.support:support-compat:28.0.0] AndroidManifest.xml:20:5-44
MERGED from [com.android.support:versionedparcelable:28.0.0] AndroidManifest.xml:20:5-44
MERGED from [com.android.support:versionedparcelable:28.0.0] AndroidManifest.xml:20:5-44
MERGED from [com.android.support:cursoradapter:28.0.0] AndroidManifest.xml:20:5-44
MERGED from [com.android.support:cursoradapter:28.0.0] AndroidManifest.xml:20:5-44
MERGED from [com.android.support:cardview-v7:28.0.0] AndroidManifest.xml:20:5-44
MERGED from [com.android.support:cardview-v7:28.0.0] AndroidManifest.xml:20:5-44
MERGED from [android.arch.lifecycle:runtime:1.1.1] AndroidManifest.xml:20:5-44
MERGED from [android.arch.lifecycle:runtime:1.1.1] AndroidManifest.xml:20:5-44
MERGED from [com.android.support:documentfile:28.0.0] AndroidManifest.xml:20:5-44
MERGED from [com.android.support:documentfile:28.0.0] AndroidManifest.xml:20:5-44
MERGED from [com.android.support:localbroadcastmanager:28.0.0] AndroidManifest.xml:20:5-44
MERGED from [com.android.support:localbroadcastmanager:28.0.0] AndroidManifest.xml:20:5-44
MERGED from [com.android.support:print:28.0.0] AndroidManifest.xml:20:5-44
MERGED from [com.android.support:print:28.0.0] AndroidManifest.xml:20:5-44
MERGED from [android.arch.lifecycle:viewmodel:1.1.1] AndroidManifest.xml:20:5-44
MERGED from [android.arch.lifecycle:viewmodel:1.1.1] AndroidManifest.xml:20:5-44
MERGED from [com.android.support:interpolator:28.0.0] AndroidManifest.xml:20:5-44
MERGED from [com.android.support:interpolator:28.0.0] AndroidManifest.xml:20:5-44
MERGED from [android.arch.lifecycle:livedata:1.1.1] AndroidManifest.xml:20:5-44
MERGED from [android.arch.lifecycle:livedata:1.1.1] AndroidManifest.xml:20:5-44
MERGED from [android.arch.lifecycle:livedata-core:1.1.1] AndroidManifest.xml:20:5-44
MERGED from [android.arch.lifecycle:livedata-core:1.1.1] AndroidManifest.xml:20:5-44
MERGED from [android.arch.core:runtime:1.1.1] AndroidManifest.xml:20:5-44
MERGED from [android.arch.core:runtime:1.1.1] AndroidManifest.xml:20:5-44
INJECTED from src\main\AndroidManifest.xml
INJECTED from src\main\AndroidManifest.xml
	android:targetSdkVersion
		INJECTED from src\main\AndroidManifest.xml
		ADDED from src\main\AndroidManifest.xml
		INJECTED from src\main\AndroidManifest.xml
	android:minSdkVersion
		INJECTED from src\main\AndroidManifest.xml
		ADDED from src\main\AndroidManifest.xml
		INJECTED from src\main\AndroidManifest.xml
uses-permission#android.permission.ACCESS_NETWORK_STATE
ADDED from [com.google.android.gms:play-services-ads:8.3.0] AndroidManifest.xml:21:5-78
MERGED from [com.google.android.gms:play-services-analytics:8.3.0] AndroidManifest.xml:22:5-79
MERGED from [com.google.android.gms:play-services-analytics:8.3.0] AndroidManifest.xml:22:5-79
MERGED from [com.google.android.gms:play-services-maps:8.3.0] AndroidManifest.xml:20:5-78
MERGED from [com.google.android.gms:play-services-maps:8.3.0] AndroidManifest.xml:20:5-78
MERGED from [com.google.android.gms:play-services-nearby:8.3.0] AndroidManifest.xml:19:5-79
MERGED from [com.google.android.gms:play-services-nearby:8.3.0] AndroidManifest.xml:19:5-79
MERGED from [com.google.android.gms:play-services-measurement:8.3.0] AndroidManifest.xml:22:5-79
MERGED from [com.google.android.gms:play-services-measurement:8.3.0] AndroidManifest.xml:22:5-79
	android:name
		ADDED from [com.google.android.gms:play-services-ads:8.3.0] AndroidManifest.xml:21:22-76
activity#com.google.android.gms.ads.AdActivity
ADDED from [com.google.android.gms:play-services-ads:8.3.0] AndroidManifest.xml:26:9-29:64
	android:configChanges
		ADDED from [com.google.android.gms:play-services-ads:8.3.0] AndroidManifest.xml:28:13-122
	android:theme
		ADDED from [com.google.android.gms:play-services-ads:8.3.0] AndroidManifest.xml:29:13-61
	android:name
		ADDED from [com.google.android.gms:play-services-ads:8.3.0] AndroidManifest.xml:27:13-65